Arguments: 
  C:\Program Files\nodejs\node.exe C:\Users\USER\AppData\Roaming\npm\node_modules\yarn\bin\yarn.js

PATH: 
  C:\Python39\;C:\Python39\Scripts\;C:\Windows\system32;C:\Windows;C:\Windows\System32\Wbem;C:\Windows\System32\WindowsPowerShell\v1.0\;C:\Windows\System32\OpenSSH\;C:\Program Files\nodejs\;C:\ProgramData\chocolatey\bin;C:\Program Files\Microsoft VS Code\bin;C:\Program Files\Git\cmd;C:\xampp\php;C:\ProgramData\ComposerSetup\bin;C:\Program Files\Intel\WiFi\bin\;C:\Program Files\Common Files\Intel\WirelessCommon\;C:\Program Files\Polyspace\mathlab\R2019b\runtime\win64;C:\Program Files\Polyspace\mathlab\R2019b\bin;C:\Program Files\Polyspace\mathlab\R2019b\polyspace\bin;C:\Python39;C:\Program Files (x86)\Wolfram Research\WolframScript\;C:\Program Files\OpenJDK\openjdk-8u302-b08\bin;C:\Users\USER\AppData\Local\Microsoft\WindowsApps;C:\Users\USER\AppData\Roaming\npm;C:\Users\USER\AppData\Roaming\Composer\vendor\bin;C:\Program Files\heroku\bin;C:\Program Files\PostgreSQL\13\bin;

Yarn version: 
  1.22.10

Node version: 
  14.15.2

Platform: 
  win32 x64

Trace: 
  Error: 9820:error:1408F119:SSL routines:ssl3_get_record:decryption failed or bad record mac:c:\ws\deps\openssl\openssl\ssl\record\ssl3_record.c:677:

npm manifest: 
  {
    "name": "pexapay",
    "version": "1.0.0",
    "main": "node_modules/expo/AppEntry.js",
    "scripts": {
      "start": "expo start",
      "android": "expo start --android",
      "ios": "expo start --ios",
      "web": "expo start --web",
      "eject": "expo eject",
      "test": "jest --watchAll"
    },
    "jest": {
      "preset": "jest-expo"
    },
    "dependencies": {
      "@expo/vector-icons": "^12.0.0",
      "@react-native-masked-view/masked-view": "^0.2.6",
      "@react-navigation/bottom-tabs": "^6.0.9",
      "@react-navigation/native": "^6.0.6",
      "@react-navigation/native-stack": "^6.2.5",
      "@react-navigation/stack": "^6.0.11",
      "expo": "~44.0.0",
      "expo-app-loading": "^1.3.0",
      "expo-asset": "~8.4.4",
      "expo-constants": "~13.0.0",
      "expo-font": "^10.0.4",
      "expo-linking": "~3.0.0",
      "expo-splash-screen": "^0.14.1",
      "expo-status-bar": "^1.2.0",
      "expo-web-browser": "~10.1.0",
      "react": "17.0.1",
      "react-dom": "17.0.1",
      "react-native": "0.64.3",
      "react-native-keyboard-aware-scroll-view": "^0.9.5",
      "react-native-raw-bottom-sheet": "^2.2.0",
      "react-native-safe-area-context": "^3.3.2",
      "react-native-screens": "^3.10.2",
      "react-native-splash-screen": "^3.3.0",
      "react-native-svg": "^12.1.1",
      "react-native-svg-transformer": "^1.0.0",
      "react-native-web": "0.17.1"
    },
    "devDependencies": {
      "@babel/core": "^7.12.9",
      "@types/react": "^17.0.38",
      "@types/react-native": "^0.64.23",
      "jest": "^26.6.3",
      "jest-expo": "~44.0.1",
      "react-test-renderer": "17.0.1",
      "typescript": "~4.3.5"
    },
    "private": true
  }

yarn manifest: 
  No manifest

Lockfile: 
  No lockfile
